[debug] [2025-11-02T07:10:07.471Z] ----------------------------------------------------------------------
[debug] [2025-11-02T07:10:07.472Z] Command:       /opt/homebrew/Cellar/node/24.8.0/bin/node /opt/homebrew/bin/firebase deploy --only firestore:indexes
[debug] [2025-11-02T07:10:07.473Z] CLI Version:   14.23.0
[debug] [2025-11-02T07:10:07.473Z] Platform:      darwin
[debug] [2025-11-02T07:10:07.473Z] Node Version:  v24.8.0
[debug] [2025-11-02T07:10:07.473Z] Time:          Sun Nov 02 2025 16:10:07 GMT+0900 (日本標準時)
[debug] [2025-11-02T07:10:07.473Z] ----------------------------------------------------------------------
[debug] 
[debug] [2025-11-02T07:10:07.548Z] > command requires scopes: ["email","openid","https://www.googleapis.com/auth/cloudplatformprojects.readonly","https://www.googleapis.com/auth/firebase","https://www.googleapis.com/auth/cloud-platform"]
[debug] [2025-11-02T07:10:07.548Z] > authorizing via signed-in user (kobayashi0817@gmail.com)
[debug] [2025-11-02T07:10:07.549Z] [iam] checking project smart-garage-74ad1 for permissions ["datastore.indexes.create","datastore.indexes.delete","datastore.indexes.list","datastore.indexes.update","firebase.projects.get"]
[debug] [2025-11-02T07:10:07.549Z] Checked if tokens are valid: true, expires at: 1762071005852
[debug] [2025-11-02T07:10:07.549Z] Checked if tokens are valid: true, expires at: 1762071005852
[debug] [2025-11-02T07:10:07.549Z] >>> [apiv2][query] POST https://cloudresourcemanager.googleapis.com/v1/projects/smart-garage-74ad1:testIamPermissions [none]
[debug] [2025-11-02T07:10:07.549Z] >>> [apiv2][(partial)header] POST https://cloudresourcemanager.googleapis.com/v1/projects/smart-garage-74ad1:testIamPermissions x-goog-quota-user=projects/smart-garage-74ad1
[debug] [2025-11-02T07:10:07.549Z] >>> [apiv2][body] POST https://cloudresourcemanager.googleapis.com/v1/projects/smart-garage-74ad1:testIamPermissions {"permissions":["datastore.indexes.create","datastore.indexes.delete","datastore.indexes.list","datastore.indexes.update","firebase.projects.get"]}
[debug] [2025-11-02T07:10:08.220Z] <<< [apiv2][status] POST https://cloudresourcemanager.googleapis.com/v1/projects/smart-garage-74ad1:testIamPermissions 200
[debug] [2025-11-02T07:10:08.220Z] <<< [apiv2][body] POST https://cloudresourcemanager.googleapis.com/v1/projects/smart-garage-74ad1:testIamPermissions {"permissions":["datastore.indexes.create","datastore.indexes.delete","datastore.indexes.list","datastore.indexes.update","firebase.projects.get"]}
[info] 
[info] === Deploying to 'smart-garage-74ad1'...
[info] 
[info] i  deploying firestore 
[info] i  firestore: ensuring required API firestore.googleapis.com is enabled... 
[info] i  firestore: ensuring required API firestore.googleapis.com is enabled... 
[debug] [2025-11-02T07:10:08.225Z] Checked if tokens are valid: true, expires at: 1762071005852
[debug] [2025-11-02T07:10:08.225Z] Checked if tokens are valid: true, expires at: 1762071005852
[debug] [2025-11-02T07:10:08.225Z] >>> [apiv2][query] GET https://firestore.googleapis.com/v1/projects/smart-garage-74ad1/databases/(default) [none]
[debug] [2025-11-02T07:10:08.400Z] <<< [apiv2][status] GET https://firestore.googleapis.com/v1/projects/smart-garage-74ad1/databases/(default) 200
[debug] [2025-11-02T07:10:08.400Z] <<< [apiv2][body] GET https://firestore.googleapis.com/v1/projects/smart-garage-74ad1/databases/(default) {"name":"projects/smart-garage-74ad1/databases/(default)","uid":"e0dc2200-bd20-402a-a65d-aac8e9caf147","createTime":"2025-09-21T15:50:54.452659Z","updateTime":"2025-09-21T15:50:54.452659Z","locationId":"asia-northeast1","type":"FIRESTORE_NATIVE","concurrencyMode":"PESSIMISTIC","versionRetentionPeriod":"3600s","earliestVersionTime":"2025-11-02T06:10:08.474820Z","appEngineIntegrationMode":"DISABLED","keyPrefix":"b","pointInTimeRecoveryEnablement":"POINT_IN_TIME_RECOVERY_DISABLED","deleteProtectionState":"DELETE_PROTECTION_DISABLED","databaseEdition":"STANDARD","freeTier":true,"realtimeUpdatesMode":"REALTIME_UPDATES_MODE_ENABLED","etag":"IJKhz8/00pADMLT20cb4+I8D"}
[info] i  firestore: reading indexes from firestore.indexes.json... 
[info] i  cloud.firestore: checking firestore.rules for compilation errors... 
[debug] [2025-11-02T07:10:08.402Z] Checked if tokens are valid: true, expires at: 1762071005852
[debug] [2025-11-02T07:10:08.402Z] Checked if tokens are valid: true, expires at: 1762071005852
[debug] [2025-11-02T07:10:08.402Z] >>> [apiv2][query] POST https://firebaserules.googleapis.com/v1/projects/smart-garage-74ad1:test [none]
[debug] [2025-11-02T07:10:08.402Z] >>> [apiv2][body] POST https://firebaserules.googleapis.com/v1/projects/smart-garage-74ad1:test [omitted]
[debug] [2025-11-02T07:10:09.094Z] <<< [apiv2][status] POST https://firebaserules.googleapis.com/v1/projects/smart-garage-74ad1:test 200
[debug] [2025-11-02T07:10:09.094Z] <<< [apiv2][body] POST https://firebaserules.googleapis.com/v1/projects/smart-garage-74ad1:test {}
[info] ✔  cloud.firestore: rules file firestore.rules compiled successfully 
[info] i  firestore: deploying indexes... 
[debug] [2025-11-02T07:10:09.099Z] Checked if tokens are valid: true, expires at: 1762071005852
[debug] [2025-11-02T07:10:09.099Z] Checked if tokens are valid: true, expires at: 1762071005852
[debug] [2025-11-02T07:10:09.099Z] >>> [apiv2][query] GET https://firestore.googleapis.com/v1/projects/smart-garage-74ad1/databases/(default)/collectionGroups/-/indexes [none]
[debug] [2025-11-02T07:10:09.158Z] <<< [apiv2][status] GET https://firestore.googleapis.com/v1/projects/smart-garage-74ad1/databases/(default)/collectionGroups/-/indexes 200
[debug] [2025-11-02T07:10:09.158Z] <<< [apiv2][body] GET https://firestore.googleapis.com/v1/projects/smart-garage-74ad1/databases/(default)/collectionGroups/-/indexes {"indexes":[{"name":"projects/smart-garage-74ad1/databases/(default)/collectionGroups/customizations/indexes/CICAgOi39IkJ","queryScope":"COLLECTION","fields":[{"fieldPath":"carId","order":"ASCENDING"},{"fieldPath":"deletedAt","order":"ASCENDING"},{"fieldPath":"date","order":"DESCENDING"},{"fieldPath":"__name__","order":"DESCENDING"}],"state":"READY","density":"SPARSE_ALL"},{"name":"projects/smart-garage-74ad1/databases/(default)/collectionGroups/auditLogs/indexes/CICAgNiav4AK","queryScope":"COLLECTION","fields":[{"fieldPath":"entityType","order":"ASCENDING"},{"fieldPath":"entityId","order":"ASCENDING"},{"fieldPath":"at","order":"DESCENDING"},{"fieldPath":"__name__","order":"DESCENDING"}],"state":"READY","density":"SPARSE_ALL"},{"name":"projects/smart-garage-74ad1/databases/(default)/collectionGroups/oilReminders/indexes/CICAgJim14AK","queryScope":"COLLECTION","fields":[{"fieldPath":"carId","order":"ASCENDING"},{"fieldPath":"status","order":"ASCENDING"},{"fieldPath":"__name__","order":"ASCENDING"}],"state":"READY","density":"SPARSE_ALL"},{"name":"projects/smart-garage-74ad1/databases/(default)/collectionGroups/maintenance/indexes/CICAgOjXh4EK","queryScope":"COLLECTION","fields":[{"fieldPath":"carId","order":"ASCENDING"},{"fieldPath":"date","order":"ASCENDING"},{"fieldPath":"__name__","order":"ASCENDING"}],"state":"READY","density":"SPARSE_ALL"},{"name":"projects/smart-garage-74ad1/databases/(default)/collectionGroups/insurancePolicies/indexes/CICAgJj7z4EK","queryScope":"COLLECTION","fields":[{"fieldPath":"carId","order":"ASCENDING"},{"fieldPath":"deletedAt","order":"ASCENDING"},{"fieldPath":"startDate","order":"DESCENDING"},{"fieldPath":"__name__","order":"DESCENDING"}],"state":"READY","density":"SPARSE_ALL"},{"name":"projects/smart-garage-74ad1/databases/(default)/collectionGroups/analyticsEvents/indexes/CICAgNjpgYIK","queryScope":"COLLECTION","fields":[{"fieldPath":"eventName","order":"ASCENDING"},{"fieldPath":"timestamp","order":"DESCENDING"},{"fieldPath":"__name__","order":"DESCENDING"}],"state":"READY","density":"SPARSE_ALL"},{"name":"projects/smart-garage-74ad1/databases/(default)/collectionGroups/maintenance/indexes/CICAgJjF9oIK","queryScope":"COLLECTION","fields":[{"fieldPath":"carId","order":"ASCENDING"},{"fieldPath":"deletedAt","order":"ASCENDING"},{"fieldPath":"date","order":"DESCENDING"},{"fieldPath":"__name__","order":"DESCENDING"}],"state":"READY","density":"SPARSE_ALL"},{"name":"projects/smart-garage-74ad1/databases/(default)/collectionGroups/oilReminders/indexes/CICAgJiUpoMK","queryScope":"COLLECTION","fields":[{"fieldPath":"carId","order":"ASCENDING"},{"fieldPath":"dueAt","order":"ASCENDING"},{"fieldPath":"__name__","order":"ASCENDING"}],"state":"READY","density":"SPARSE_ALL"},{"name":"projects/smart-garage-74ad1/databases/(default)/collectionGroups/insuranceClaims/indexes/CICAgNi47oMK","queryScope":"COLLECTION","fields":[{"fieldPath":"policyId","order":"ASCENDING"},{"fieldPath":"deletedAt","order":"ASCENDING"},{"fieldPath":"accidentDate","order":"DESCENDING"},{"fieldPath":"__name__","order":"DESCENDING"}],"state":"READY","density":"SPARSE_ALL"},{"name":"projects/smart-garage-74ad1/databases/(default)/collectionGroups/fuelLogs/indexes/CICAgOi39IkK","queryScope":"COLLECTION","fields":[{"fieldPath":"deletedAt","order":"ASCENDING"},{"fieldPath":"date","order":"DESCENDING"},{"fieldPath":"__name__","order":"DESCENDING"}],"state":"READY","density":"SPARSE_ALL"},{"name":"projects/smart-garage-74ad1/databases/(default)/collectionGroups/fuelLogs/indexes/CICAgOi3kJAK","queryScope":"COLLECTION","fields":[{"fieldPath":"carId","order":"ASCENDING"},{"fieldPath":"deletedAt","order":"ASCENDING"},{"fieldPath":"date","order":"DESCENDING"},{"fieldPath":"__name__","order":"DESCENDING"}],"state":"READY","density":"SPARSE_ALL"},{"name":"projects/smart-garage-74ad1/databases/(default)/collectionGroups/maintenance/indexes/CICAgJjmiJEK","queryScope":"COLLECTION","fields":[{"fieldPath":"deletedAt","order":"ASCENDING"},{"fieldPath":"date","order":"DESCENDING"},{"fieldPath":"__name__","order":"DESCENDING"}],"state":"READY","density":"SPARSE_ALL"}]}
[debug] [2025-11-02T07:10:09.158Z] Checked if tokens are valid: true, expires at: 1762071005852
[debug] [2025-11-02T07:10:09.159Z] Checked if tokens are valid: true, expires at: 1762071005852
[debug] [2025-11-02T07:10:09.159Z] >>> [apiv2][query] GET https://firestore.googleapis.com/v1/projects/smart-garage-74ad1/databases/(default)/collectionGroups/-/fields?filter=indexConfig.usesAncestorConfig=false OR ttlConfig:* [none]
[debug] [2025-11-02T07:10:09.212Z] <<< [apiv2][status] GET https://firestore.googleapis.com/v1/projects/smart-garage-74ad1/databases/(default)/collectionGroups/-/fields?filter=indexConfig.usesAncestorConfig=false OR ttlConfig:* 200
[debug] [2025-11-02T07:10:09.213Z] <<< [apiv2][body] GET https://firestore.googleapis.com/v1/projects/smart-garage-74ad1/databases/(default)/collectionGroups/-/fields?filter=indexConfig.usesAncestorConfig=false OR ttlConfig:* {"fields":[{"name":"projects/smart-garage-74ad1/databases/(default)/collectionGroups/__default__/fields/*","indexConfig":{"indexes":[{"queryScope":"COLLECTION","fields":[{"fieldPath":"*","order":"ASCENDING"}],"state":"READY"},{"queryScope":"COLLECTION","fields":[{"fieldPath":"*","order":"DESCENDING"}],"state":"READY"},{"queryScope":"COLLECTION","fields":[{"fieldPath":"*","arrayConfig":"CONTAINS"}],"state":"READY"}]}}]}
[debug] [2025-11-02T07:10:09.213Z] Checked if tokens are valid: true, expires at: 1762071005852
[debug] [2025-11-02T07:10:09.213Z] Checked if tokens are valid: true, expires at: 1762071005852
[debug] [2025-11-02T07:10:09.213Z] >>> [apiv2][query] GET https://firestore.googleapis.com/v1/projects/smart-garage-74ad1/databases/(default) [none]
[debug] [2025-11-02T07:10:09.245Z] <<< [apiv2][status] GET https://firestore.googleapis.com/v1/projects/smart-garage-74ad1/databases/(default) 200
[debug] [2025-11-02T07:10:09.246Z] <<< [apiv2][body] GET https://firestore.googleapis.com/v1/projects/smart-garage-74ad1/databases/(default) {"name":"projects/smart-garage-74ad1/databases/(default)","uid":"e0dc2200-bd20-402a-a65d-aac8e9caf147","createTime":"2025-09-21T15:50:54.452659Z","updateTime":"2025-09-21T15:50:54.452659Z","locationId":"asia-northeast1","type":"FIRESTORE_NATIVE","concurrencyMode":"PESSIMISTIC","versionRetentionPeriod":"3600s","earliestVersionTime":"2025-11-02T06:10:09.321696Z","appEngineIntegrationMode":"DISABLED","keyPrefix":"b","pointInTimeRecoveryEnablement":"POINT_IN_TIME_RECOVERY_DISABLED","deleteProtectionState":"DELETE_PROTECTION_DISABLED","databaseEdition":"STANDARD","freeTier":true,"realtimeUpdatesMode":"REALTIME_UPDATES_MODE_ENABLED","etag":"IKn3gtD00pADMLT20cb4+I8D"}
[info] i  firestore: The following indexes are defined in your project but are not present in your firestore indexes file:
	(oilReminders) -- (carId,ASCENDING) (status,ASCENDING)  -- Density:SPARSE_ALL 
	(maintenance) -- (carId,ASCENDING) (date,ASCENDING)  -- Density:SPARSE_ALL 
	(oilReminders) -- (carId,ASCENDING) (dueAt,ASCENDING)  -- Density:SPARSE_ALL  
